<?xml version="1.0" encoding="UTF-8"?>
<!-- Generated by org.testng.reporters.JUnitReportReporter -->
<testsuite hostname="mahisrini-PC" name="testcases.VerifyHomePage" tests="1" failures="0" timestamp="1 Apr 2017 19:24:17 GMT" time="28.639" errors="0">
  <testcase name="testHomePage" time="28.639" classname="testcases.VerifyHomePage"/>
</testsuite> <!-- testcases.VerifyHomePage -->
